find_library: checking for Hunspell_create() in -lhunspell-1.2... -------------------- yes

"gcc -o conftest -I. -I/usr/local/lib/ruby/1.8/i686-linux -I.  -g -O2  -fPIC conftest.c  -L'.' -L'/usr/local/lib' -Wl,-R'/usr/local/lib' -L.  -rdynamic -Wl,-export-dynamic     -lruby-static -lhunspell-1.2  -lpthread -ldl -lcrypt -lm   -lc"
conftest.c: In function ‘t’:
conftest.c:3: error: ‘Hunspell_create’ undeclared (first use in this function)
conftest.c:3: error: (Each undeclared identifier is reported only once
conftest.c:3: error: for each function it appears in.)
checked program was:
/* begin */
1: /*top*/
2: int main() { return 0; }
3: int t() { void ((*volatile p)()); p = (void ((*)()))Hunspell_create; return 0; }
/* end */

"gcc -o conftest -I. -I/usr/local/lib/ruby/1.8/i686-linux -I.  -g -O2  -fPIC conftest.c  -L'.' -L'/usr/local/lib' -Wl,-R'/usr/local/lib' -L.  -rdynamic -Wl,-export-dynamic     -lruby-static -lhunspell-1.2  -lpthread -ldl -lcrypt -lm   -lc"
checked program was:
/* begin */
1: /*top*/
2: int main() { return 0; }
3: int t() { Hunspell_create(); return 0; }
/* end */

--------------------

